  Entity.cpp
C:\Users\limje\Desktop\_repos\CS3113\Rise of the AI\Entity.h(118,55): warning C4244: 'return': conversion from 'const float' to 'const int', possible loss of data
C:\Users\limje\Desktop\_repos\CS3113\Rise of the AI\Entity.h(119,55): warning C4244: 'return': conversion from 'const float' to 'const int', possible loss of data
  main.cpp
C:\Users\limje\Desktop\_repos\CS3113\Rise of the AI\Entity.h(118,55): warning C4244: 'return': conversion from 'const float' to 'const int', possible loss of data
C:\Users\limje\Desktop\_repos\CS3113\Rise of the AI\Entity.h(119,55): warning C4244: 'return': conversion from 'const float' to 'const int', possible loss of data
C:\Users\limje\Desktop\_repos\CS3113\Rise of the AI\main.cpp(65,27): warning C4244: 'initializing': conversion from 'float' to 'int', possible loss of data
C:\Users\limje\Desktop\_repos\CS3113\Rise of the AI\main.cpp(408,141): warning C4305: 'argument': truncation from 'double' to 'float'
C:\Users\limje\Desktop\_repos\CS3113\Rise of the AI\main.cpp(411,142): warning C4305: 'argument': truncation from 'double' to 'float'
  Map.cpp
C:\Users\limje\Desktop\_repos\CS3113\Rise of the AI\Map.cpp(103,16): warning C4244: 'initializing': conversion from 'float' to 'int', possible loss of data
C:\Users\limje\Desktop\_repos\CS3113\Rise of the AI\Map.cpp(104,16): warning C4244: 'initializing': conversion from 'float' to 'int', possible loss of data
  ShaderProgram.cpp
  Generating Code...
Entity.obj : error LNK2019: unresolved external symbol __imp___glewDisableVertexAttribArray referenced in function "public: void __cdecl Entity::draw_sprite_from_texture_atlas(class ShaderProgram *,unsigned int,int)" (?draw_sprite_from_texture_atlas@Entity@@QEAAXPEAVShaderProgram@@IH@Z)
main.obj : error LNK2001: unresolved external symbol __imp___glewDisableVertexAttribArray
Map.obj : error LNK2001: unresolved external symbol __imp___glewDisableVertexAttribArray
Entity.obj : error LNK2019: unresolved external symbol __imp___glewEnableVertexAttribArray referenced in function "public: void __cdecl Entity::draw_sprite_from_texture_atlas(class ShaderProgram *,unsigned int,int)" (?draw_sprite_from_texture_atlas@Entity@@QEAAXPEAVShaderProgram@@IH@Z)
main.obj : error LNK2001: unresolved external symbol __imp___glewEnableVertexAttribArray
Map.obj : error LNK2001: unresolved external symbol __imp___glewEnableVertexAttribArray
Entity.obj : error LNK2019: unresolved external symbol __imp___glewVertexAttribPointer referenced in function "public: void __cdecl Entity::draw_sprite_from_texture_atlas(class ShaderProgram *,unsigned int,int)" (?draw_sprite_from_texture_atlas@Entity@@QEAAXPEAVShaderProgram@@IH@Z)
main.obj : error LNK2001: unresolved external symbol __imp___glewVertexAttribPointer
Map.obj : error LNK2001: unresolved external symbol __imp___glewVertexAttribPointer
main.obj : error LNK2019: unresolved external symbol __imp_glewInit referenced in function "void __cdecl initialise(void)" (?initialise@@YAXXZ)
main.obj : error LNK2019: unresolved external symbol SDL_CreateWindow referenced in function "void __cdecl initialise(void)" (?initialise@@YAXXZ)
main.obj : error LNK2019: unresolved external symbol SDL_GL_CreateContext referenced in function "void __cdecl initialise(void)" (?initialise@@YAXXZ)
main.obj : error LNK2019: unresolved external symbol SDL_GL_MakeCurrent referenced in function "void __cdecl initialise(void)" (?initialise@@YAXXZ)
main.obj : error LNK2019: unresolved external symbol SDL_GL_SwapWindow referenced in function "void __cdecl render(void)" (?render@@YAXXZ)
main.obj : error LNK2019: unresolved external symbol SDL_GetKeyboardState referenced in function "void __cdecl process_input(void)" (?process_input@@YAXXZ)
main.obj : error LNK2019: unresolved external symbol SDL_PollEvent referenced in function "void __cdecl process_input(void)" (?process_input@@YAXXZ)
main.obj : error LNK2019: unresolved external symbol SDL_GetTicks referenced in function "void __cdecl update(void)" (?update@@YAXXZ)
main.obj : error LNK2019: unresolved external symbol SDL_Init referenced in function "void __cdecl initialise(void)" (?initialise@@YAXXZ)
main.obj : error LNK2019: unresolved external symbol SDL_Quit referenced in function "void __cdecl shutdown(void)" (?shutdown@@YAXXZ)
main.obj : error LNK2019: unresolved external symbol __imp___glewUseProgram referenced in function "void __cdecl draw_text(class ShaderProgram *,unsigned int,class std::basic_string<char,struct std::char_traits<char>,class std::allocator<char> >,float,float,struct glm::vec<3,float,0>)" (?draw_text@@YAXPEAVShaderProgram@@IV?$basic_string@DU?$char_traits@D@std@@V?$allocator@D@2@@std@@MMU?$vec@$02M$0A@@glm@@@Z)
Map.obj : error LNK2001: unresolved external symbol __imp___glewUseProgram
ShaderProgram.obj : error LNK2001: unresolved external symbol __imp___glewUseProgram
ShaderProgram.obj : error LNK2019: unresolved external symbol __imp___glewAttachShader referenced in function "public: void __cdecl ShaderProgram::load(char const *,char const *)" (?load@ShaderProgram@@QEAAXPEBD0@Z)
ShaderProgram.obj : error LNK2019: unresolved external symbol __imp___glewCompileShader referenced in function "private: unsigned int __cdecl ShaderProgram::load_shader_from_string(class std::basic_string<char,struct std::char_traits<char>,class std::allocator<char> > const &,unsigned int)" (?load_shader_from_string@ShaderProgram@@AEAAIAEBV?$basic_string@DU?$char_traits@D@std@@V?$allocator@D@2@@std@@I@Z)
ShaderProgram.obj : error LNK2019: unresolved external symbol __imp___glewCreateProgram referenced in function "public: void __cdecl ShaderProgram::load(char const *,char const *)" (?load@ShaderProgram@@QEAAXPEBD0@Z)
ShaderProgram.obj : error LNK2019: unresolved external symbol __imp___glewCreateShader referenced in function "private: unsigned int __cdecl ShaderProgram::load_shader_from_string(class std::basic_string<char,struct std::char_traits<char>,class std::allocator<char> > const &,unsigned int)" (?load_shader_from_string@ShaderProgram@@AEAAIAEBV?$basic_string@DU?$char_traits@D@std@@V?$allocator@D@2@@std@@I@Z)
ShaderProgram.obj : error LNK2019: unresolved external symbol __imp___glewDeleteProgram referenced in function "private: void __cdecl ShaderProgram::cleanup(void)" (?cleanup@ShaderProgram@@AEAAXXZ)
ShaderProgram.obj : error LNK2019: unresolved external symbol __imp___glewDeleteShader referenced in function "private: void __cdecl ShaderProgram::cleanup(void)" (?cleanup@ShaderProgram@@AEAAXXZ)
ShaderProgram.obj : error LNK2019: unresolved external symbol __imp___glewGetAttribLocation referenced in function "public: void __cdecl ShaderProgram::load(char const *,char const *)" (?load@ShaderProgram@@QEAAXPEBD0@Z)
ShaderProgram.obj : error LNK2019: unresolved external symbol __imp___glewGetProgramiv referenced in function "public: void __cdecl ShaderProgram::load(char const *,char const *)" (?load@ShaderProgram@@QEAAXPEBD0@Z)
ShaderProgram.obj : error LNK2019: unresolved external symbol __imp___glewGetShaderInfoLog referenced in function "private: unsigned int __cdecl ShaderProgram::load_shader_from_string(class std::basic_string<char,struct std::char_traits<char>,class std::allocator<char> > const &,unsigned int)" (?load_shader_from_string@ShaderProgram@@AEAAIAEBV?$basic_string@DU?$char_traits@D@std@@V?$allocator@D@2@@std@@I@Z)
ShaderProgram.obj : error LNK2019: unresolved external symbol __imp___glewGetShaderiv referenced in function "private: unsigned int __cdecl ShaderProgram::load_shader_from_string(class std::basic_string<char,struct std::char_traits<char>,class std::allocator<char> > const &,unsigned int)" (?load_shader_from_string@ShaderProgram@@AEAAIAEBV?$basic_string@DU?$char_traits@D@std@@V?$allocator@D@2@@std@@I@Z)
ShaderProgram.obj : error LNK2019: unresolved external symbol __imp___glewGetUniformLocation referenced in function "public: void __cdecl ShaderProgram::load(char const *,char const *)" (?load@ShaderProgram@@QEAAXPEBD0@Z)
ShaderProgram.obj : error LNK2019: unresolved external symbol __imp___glewLinkProgram referenced in function "public: void __cdecl ShaderProgram::load(char const *,char const *)" (?load@ShaderProgram@@QEAAXPEBD0@Z)
ShaderProgram.obj : error LNK2019: unresolved external symbol __imp___glewShaderSource referenced in function "private: unsigned int __cdecl ShaderProgram::load_shader_from_string(class std::basic_string<char,struct std::char_traits<char>,class std::allocator<char> > const &,unsigned int)" (?load_shader_from_string@ShaderProgram@@AEAAIAEBV?$basic_string@DU?$char_traits@D@std@@V?$allocator@D@2@@std@@I@Z)
ShaderProgram.obj : error LNK2019: unresolved external symbol __imp___glewUniform4f referenced in function "public: void __cdecl ShaderProgram::set_colour(float,float,float,float)" (?set_colour@ShaderProgram@@QEAAXMMMM@Z)
ShaderProgram.obj : error LNK2019: unresolved external symbol __imp___glewUniformMatrix4fv referenced in function "public: void __cdecl ShaderProgram::set_model_matrix(struct glm::mat<4,4,float,0> const &)" (?set_model_matrix@ShaderProgram@@QEAAXAEBU?$mat@$03$03M$0A@@glm@@@Z)
MSVCRTD.lib(exe_winmain.obj) : error LNK2019: unresolved external symbol WinMain referenced in function "int __cdecl invoke_main(void)" (?invoke_main@@YAHXZ)
C:\SDL\glew\lib\Release\Win32\glew32.lib : warning LNK4272: library machine type 'x86' conflicts with target machine type 'x64'
C:\SDL\SDL2\lib\x86\SDL2.lib : warning LNK4272: library machine type 'x86' conflicts with target machine type 'x64'
C:\SDL\SDL2\lib\x86\SDL2main.lib : warning LNK4272: library machine type 'x86' conflicts with target machine type 'x64'
C:\SDL\SDL2_image\lib\x86\SDL2_image.lib : warning LNK4272: library machine type 'x86' conflicts with target machine type 'x64'
C:\SDL\SDL2_mixer\lib\x86\SDL2_mixer.lib : warning LNK4272: library machine type 'x86' conflicts with target machine type 'x64'
C:\Users\limje\Desktop\_repos\CS3113\Rise of the AI\x64\Debug\Rise of the AI.exe : fatal error LNK1120: 30 unresolved externals
