  main.cpp
C:\CS3113\Platformer\Platformer\Entity.h(122,55): warning C4244: 'return': conversion from 'const float' to 'const int', possible loss of data
  (compiling source file 'main.cpp')
  
C:\CS3113\Platformer\Platformer\Entity.h(123,55): warning C4244: 'return': conversion from 'const float' to 'const int', possible loss of data
  (compiling source file 'main.cpp')
  
C:\CS3113\Platformer\Platformer\main.cpp(77,27): warning C4244: 'initializing': conversion from 'float' to 'int', possible loss of data
C:\CS3113\Platformer\Platformer\main.cpp(476,51): warning C4305: 'argument': truncation from 'double' to 'float'
C:\CS3113\Platformer\Platformer\main.cpp(479,52): warning C4305: 'argument': truncation from 'double' to 'float'
  ShaderProgram.cpp
  Generating Code...
main.obj : error LNK2019: unresolved external symbol __imp_glewInit referenced in function "void __cdecl initialise(void)" (?initialise@@YAXXZ)
main.obj : error LNK2019: unresolved external symbol SDL_CreateWindow referenced in function "void __cdecl initialise(void)" (?initialise@@YAXXZ)
main.obj : error LNK2019: unresolved external symbol SDL_GL_CreateContext referenced in function "void __cdecl initialise(void)" (?initialise@@YAXXZ)
main.obj : error LNK2019: unresolved external symbol SDL_GL_MakeCurrent referenced in function "void __cdecl initialise(void)" (?initialise@@YAXXZ)
main.obj : error LNK2019: unresolved external symbol SDL_GL_SwapWindow referenced in function "void __cdecl render(void)" (?render@@YAXXZ)
main.obj : error LNK2019: unresolved external symbol SDL_GetKeyboardState referenced in function "void __cdecl process_input(void)" (?process_input@@YAXXZ)
main.obj : error LNK2019: unresolved external symbol SDL_PollEvent referenced in function "void __cdecl process_input(void)" (?process_input@@YAXXZ)
main.obj : error LNK2019: unresolved external symbol SDL_GetTicks referenced in function "void __cdecl update(void)" (?update@@YAXXZ)
main.obj : error LNK2019: unresolved external symbol SDL_Init referenced in function "void __cdecl initialise(void)" (?initialise@@YAXXZ)
main.obj : error LNK2019: unresolved external symbol SDL_Quit referenced in function "void __cdecl shutdown(void)" (?shutdown@@YAXXZ)
main.obj : error LNK2019: unresolved external symbol "public: __cdecl Map::Map(int,int,unsigned int *,unsigned int,float,int,int)" (??0Map@@QEAA@HHPEAIIMHH@Z) referenced in function "void __cdecl initialise(void)" (?initialise@@YAXXZ)
main.obj : error LNK2019: unresolved external symbol "public: void __cdecl Map::render(class ShaderProgram *)" (?render@Map@@QEAAXPEAVShaderProgram@@@Z) referenced in function "void __cdecl render(void)" (?render@@YAXXZ)
main.obj : error LNK2019: unresolved external symbol "public: __cdecl Entity::Entity(void)" (??0Entity@@QEAA@XZ) referenced in function "void __cdecl initialise(void)" (?initialise@@YAXXZ)
main.obj : error LNK2019: unresolved external symbol "public: __cdecl Entity::Entity(enum EntityType,struct glm::vec<3,float,0>,float,struct glm::vec<3,float,0>,unsigned int,int *,int *,int,int,float,int,int,float,float)" (??0Entity@@QEAA@W4EntityType@@U?$vec@$02M$0A@@glm@@M1IPEAH2HHMHHMM@Z) referenced in function "void __cdecl initialise(void)" (?initialise@@YAXXZ)
main.obj : error LNK2019: unresolved external symbol "public: __cdecl Entity::~Entity(void)" (??1Entity@@QEAA@XZ) referenced in function "public: void * __cdecl Entity::`vector deleting destructor'(unsigned int)" (??_EEntity@@QEAAPEAXI@Z)
main.obj : error LNK2019: unresolved external symbol "public: void __cdecl Entity::update(float,class Entity *,class Entity *,int,class Map *)" (?update@Entity@@QEAAXMPEAV1@0HPEAVMap@@@Z) referenced in function "void __cdecl update(void)" (?update@@YAXXZ)
main.obj : error LNK2019: unresolved external symbol "public: void __cdecl Entity::render(class ShaderProgram *)" (?render@Entity@@QEAAXPEAVShaderProgram@@@Z) referenced in function "void __cdecl render(void)" (?render@@YAXXZ)
main.obj : error LNK2019: unresolved external symbol __imp___glewDisableVertexAttribArray referenced in function "void __cdecl draw_text(unsigned int,class std::basic_string<char,struct std::char_traits<char>,class std::allocator<char> >,float,float,struct glm::vec<3,float,0>)" (?draw_text@@YAXIV?$basic_string@DU?$char_traits@D@std@@V?$allocator@D@2@@std@@MMU?$vec@$02M$0A@@glm@@@Z)
main.obj : error LNK2019: unresolved external symbol __imp___glewEnableVertexAttribArray referenced in function "void __cdecl draw_text(unsigned int,class std::basic_string<char,struct std::char_traits<char>,class std::allocator<char> >,float,float,struct glm::vec<3,float,0>)" (?draw_text@@YAXIV?$basic_string@DU?$char_traits@D@std@@V?$allocator@D@2@@std@@MMU?$vec@$02M$0A@@glm@@@Z)
main.obj : error LNK2019: unresolved external symbol __imp___glewUseProgram referenced in function "void __cdecl draw_text(unsigned int,class std::basic_string<char,struct std::char_traits<char>,class std::allocator<char> >,float,float,struct glm::vec<3,float,0>)" (?draw_text@@YAXIV?$basic_string@DU?$char_traits@D@std@@V?$allocator@D@2@@std@@MMU?$vec@$02M$0A@@glm@@@Z)
ShaderProgram.obj : error LNK2001: unresolved external symbol __imp___glewUseProgram
main.obj : error LNK2019: unresolved external symbol __imp___glewVertexAttribPointer referenced in function "void __cdecl draw_text(unsigned int,class std::basic_string<char,struct std::char_traits<char>,class std::allocator<char> >,float,float,struct glm::vec<3,float,0>)" (?draw_text@@YAXIV?$basic_string@DU?$char_traits@D@std@@V?$allocator@D@2@@std@@MMU?$vec@$02M$0A@@glm@@@Z)
ShaderProgram.obj : error LNK2019: unresolved external symbol __imp___glewAttachShader referenced in function "public: void __cdecl ShaderProgram::Load(char const *,char const *)" (?Load@ShaderProgram@@QEAAXPEBD0@Z)
ShaderProgram.obj : error LNK2019: unresolved external symbol __imp___glewCompileShader referenced in function "public: unsigned int __cdecl ShaderProgram::LoadShaderFromString(class std::basic_string<char,struct std::char_traits<char>,class std::allocator<char> > const &,unsigned int)" (?LoadShaderFromString@ShaderProgram@@QEAAIAEBV?$basic_string@DU?$char_traits@D@std@@V?$allocator@D@2@@std@@I@Z)
ShaderProgram.obj : error LNK2019: unresolved external symbol __imp___glewCreateProgram referenced in function "public: void __cdecl ShaderProgram::Load(char const *,char const *)" (?Load@ShaderProgram@@QEAAXPEBD0@Z)
ShaderProgram.obj : error LNK2019: unresolved external symbol __imp___glewCreateShader referenced in function "public: unsigned int __cdecl ShaderProgram::LoadShaderFromString(class std::basic_string<char,struct std::char_traits<char>,class std::allocator<char> > const &,unsigned int)" (?LoadShaderFromString@ShaderProgram@@QEAAIAEBV?$basic_string@DU?$char_traits@D@std@@V?$allocator@D@2@@std@@I@Z)
ShaderProgram.obj : error LNK2019: unresolved external symbol __imp___glewDeleteProgram referenced in function "public: void __cdecl ShaderProgram::Cleanup(void)" (?Cleanup@ShaderProgram@@QEAAXXZ)
ShaderProgram.obj : error LNK2019: unresolved external symbol __imp___glewDeleteShader referenced in function "public: void __cdecl ShaderProgram::Cleanup(void)" (?Cleanup@ShaderProgram@@QEAAXXZ)
ShaderProgram.obj : error LNK2019: unresolved external symbol __imp___glewGetAttribLocation referenced in function "public: void __cdecl ShaderProgram::Load(char const *,char const *)" (?Load@ShaderProgram@@QEAAXPEBD0@Z)
ShaderProgram.obj : error LNK2019: unresolved external symbol __imp___glewGetProgramiv referenced in function "public: void __cdecl ShaderProgram::Load(char const *,char const *)" (?Load@ShaderProgram@@QEAAXPEBD0@Z)
ShaderProgram.obj : error LNK2019: unresolved external symbol __imp___glewGetShaderInfoLog referenced in function "public: unsigned int __cdecl ShaderProgram::LoadShaderFromString(class std::basic_string<char,struct std::char_traits<char>,class std::allocator<char> > const &,unsigned int)" (?LoadShaderFromString@ShaderProgram@@QEAAIAEBV?$basic_string@DU?$char_traits@D@std@@V?$allocator@D@2@@std@@I@Z)
ShaderProgram.obj : error LNK2019: unresolved external symbol __imp___glewGetShaderiv referenced in function "public: unsigned int __cdecl ShaderProgram::LoadShaderFromString(class std::basic_string<char,struct std::char_traits<char>,class std::allocator<char> > const &,unsigned int)" (?LoadShaderFromString@ShaderProgram@@QEAAIAEBV?$basic_string@DU?$char_traits@D@std@@V?$allocator@D@2@@std@@I@Z)
ShaderProgram.obj : error LNK2019: unresolved external symbol __imp___glewGetUniformLocation referenced in function "public: void __cdecl ShaderProgram::Load(char const *,char const *)" (?Load@ShaderProgram@@QEAAXPEBD0@Z)
ShaderProgram.obj : error LNK2019: unresolved external symbol __imp___glewLinkProgram referenced in function "public: void __cdecl ShaderProgram::Load(char const *,char const *)" (?Load@ShaderProgram@@QEAAXPEBD0@Z)
ShaderProgram.obj : error LNK2019: unresolved external symbol __imp___glewShaderSource referenced in function "public: unsigned int __cdecl ShaderProgram::LoadShaderFromString(class std::basic_string<char,struct std::char_traits<char>,class std::allocator<char> > const &,unsigned int)" (?LoadShaderFromString@ShaderProgram@@QEAAIAEBV?$basic_string@DU?$char_traits@D@std@@V?$allocator@D@2@@std@@I@Z)
ShaderProgram.obj : error LNK2019: unresolved external symbol __imp___glewUniform4f referenced in function "public: void __cdecl ShaderProgram::SetColor(float,float,float,float)" (?SetColor@ShaderProgram@@QEAAXMMMM@Z)
ShaderProgram.obj : error LNK2019: unresolved external symbol __imp___glewUniformMatrix4fv referenced in function "public: void __cdecl ShaderProgram::SetModelMatrix(struct glm::mat<4,4,float,0> const &)" (?SetModelMatrix@ShaderProgram@@QEAAXAEBU?$mat@$03$03M$0A@@glm@@@Z)
MSVCRTD.lib(exe_winmain.obj) : error LNK2019: unresolved external symbol WinMain referenced in function "int __cdecl invoke_main(void)" (?invoke_main@@YAHXZ)
C:\SDL\glew\lib\Release\Win32\glew32.lib : warning LNK4272: library machine type 'x86' conflicts with target machine type 'x64'
C:\SDL\SDL2\lib\x86\SDL2.lib : warning LNK4272: library machine type 'x86' conflicts with target machine type 'x64'
C:\SDL\SDL2\lib\x86\SDL2main.lib : warning LNK4272: library machine type 'x86' conflicts with target machine type 'x64'
C:\SDL\SDL2_image\lib\x86\SDL2_image.lib : warning LNK4272: library machine type 'x86' conflicts with target machine type 'x64'
C:\SDL\SDL2_mixer\lib\x86\SDL2_mixer.lib : warning LNK4272: library machine type 'x86' conflicts with target machine type 'x64'
C:\CS3113\Platformer\x64\Debug\Platformer.exe : fatal error LNK1120: 37 unresolved externals
